2017-08-29 08:58:21,079 INFO o.a.j.u.JMeterUtils: Setting Locale to en_US
2017-08-29 08:58:21,089 INFO o.a.j.JMeter: Loading user properties from: user.properties
2017-08-29 08:58:21,090 INFO o.a.j.JMeter: Loading system properties from: system.properties
2017-08-29 08:58:21,094 INFO o.a.j.JMeter: Copyright (c) 1998-2017 The Apache Software Foundation
2017-08-29 08:58:21,094 INFO o.a.j.JMeter: Version 3.2 r1790748
2017-08-29 08:58:21,094 INFO o.a.j.JMeter: java.version=1.8.0_121
2017-08-29 08:58:21,094 INFO o.a.j.JMeter: java.vm.name=Java HotSpot(TM) 64-Bit Server VM
2017-08-29 08:58:21,094 INFO o.a.j.JMeter: os.name=Mac OS X
2017-08-29 08:58:21,095 INFO o.a.j.JMeter: os.arch=x86_64
2017-08-29 08:58:21,095 INFO o.a.j.JMeter: os.version=10.12.5
2017-08-29 08:58:21,095 INFO o.a.j.JMeter: file.encoding=UTF-8
2017-08-29 08:58:21,095 INFO o.a.j.JMeter: Max memory     =1908932608
2017-08-29 08:58:21,095 INFO o.a.j.JMeter: Available Processors =8
2017-08-29 08:58:21,098 INFO o.a.j.JMeter: Default Locale=English (United States)
2017-08-29 08:58:21,098 INFO o.a.j.JMeter: JMeter  Locale=English (United States)
2017-08-29 08:58:21,099 INFO o.a.j.JMeter: JMeterHome=/Users/jj/Google Drive/ITC/7mo Semestre/Calidad y Pruebas/apache-jmeter-3.2
2017-08-29 08:58:21,099 INFO o.a.j.JMeter: user.dir  =/Users/jj/Google Drive/ITC/7mo Semestre/Calidad y Pruebas/apache-jmeter-3.2/bin
2017-08-29 08:58:21,099 INFO o.a.j.JMeter: PWD       =/Users/jj/Google Drive/ITC/7mo Semestre/Calidad y Pruebas/apache-jmeter-3.2/bin
2017-08-29 08:58:21,101 INFO o.a.j.JMeter: IP: 10.49.85.101 Name: HAL-9000.local FullName: 10.49.85.101
2017-08-29 08:58:22,528 INFO o.a.j.g.a.LookAndFeelCommand: Using look and feel: com.apple.laf.AquaLookAndFeel [Mac OS X, System]
2017-08-29 08:58:22,532 INFO o.a.j.JMeter: Loaded icon properties from org/apache/jmeter/images/icon.properties
2017-08-29 08:58:22,956 INFO o.a.j.e.u.CompoundVariable: Note: Function class names must contain the string: '.functions.'
2017-08-29 08:58:22,956 INFO o.a.j.e.u.CompoundVariable: Note: Function class names must not contain the string: '.gui.'
2017-08-29 08:58:23,585 INFO o.a.j.g.u.MenuFactory: Skipping org.apache.jmeter.assertions.BSFAssertion
2017-08-29 08:58:24,228 INFO o.a.j.g.u.MenuFactory: Skipping org.apache.jmeter.extractor.BSFPostProcessor
2017-08-29 08:58:24,260 INFO o.a.j.g.u.MenuFactory: Skipping org.apache.jmeter.modifiers.BSFPreProcessor
2017-08-29 08:58:24,290 INFO o.a.j.p.h.s.HTTPSamplerBase: Parser for text/html is org.apache.jmeter.protocol.http.parser.LagartoBasedHtmlParser
2017-08-29 08:58:24,290 INFO o.a.j.p.h.s.HTTPSamplerBase: Parser for application/xhtml+xml is org.apache.jmeter.protocol.http.parser.LagartoBasedHtmlParser
2017-08-29 08:58:24,290 INFO o.a.j.p.h.s.HTTPSamplerBase: Parser for application/xml is org.apache.jmeter.protocol.http.parser.LagartoBasedHtmlParser
2017-08-29 08:58:24,290 INFO o.a.j.p.h.s.HTTPSamplerBase: Parser for text/xml is org.apache.jmeter.protocol.http.parser.LagartoBasedHtmlParser
2017-08-29 08:58:24,290 INFO o.a.j.p.h.s.HTTPSamplerBase: Parser for text/vnd.wap.wml is org.apache.jmeter.protocol.http.parser.RegexpHTMLParser
2017-08-29 08:58:24,290 INFO o.a.j.p.h.s.HTTPSamplerBase: Parser for text/css is org.apache.jmeter.protocol.http.parser.CssParser
2017-08-29 08:58:24,653 INFO o.a.j.e.KeyToolUtils: keytool found at 'keytool'
2017-08-29 08:58:24,654 INFO o.a.j.p.h.p.ProxyControl: HTTP(S) Test Script Recorder SSL Proxy will use keys that support embedded 3rd party resources in file /Users/jj/Google Drive/ITC/7mo Semestre/Calidad y Pruebas/apache-jmeter-3.2/bin/proxyserver.jks
2017-08-29 08:58:24,760 INFO o.a.j.g.u.MenuFactory: Skipping org.apache.jmeter.protocol.java.sampler.BSFSampler
2017-08-29 08:58:24,795 INFO o.a.j.s.FileServer: Default base='/Users/jj/Google Drive/ITC/7mo Semestre/Calidad y Pruebas/apache-jmeter-3.2/bin'
2017-08-29 08:58:24,859 INFO o.a.j.g.u.MenuFactory: Skipping org.apache.jmeter.protocol.mongodb.config.MongoSourceElement
2017-08-29 08:58:24,860 INFO o.a.j.g.u.MenuFactory: Skipping org.apache.jmeter.protocol.mongodb.sampler.MongoScriptSampler
2017-08-29 08:58:24,949 INFO o.a.j.g.u.MenuFactory: Skipping org.apache.jmeter.timers.BSFTimer
2017-08-29 08:58:24,973 INFO o.a.j.g.u.MenuFactory: Skipping org.apache.jmeter.visualizers.BSFListener
2017-08-29 08:58:25,092 INFO o.a.j.s.SampleResult: Note: Sample TimeStamps are START times
2017-08-29 08:58:25,093 INFO o.a.j.s.SampleResult: sampleresult.default.encoding is set to ISO-8859-1
2017-08-29 08:58:25,093 INFO o.a.j.s.SampleResult: sampleresult.useNanoTime=true
2017-08-29 08:58:25,093 INFO o.a.j.s.SampleResult: sampleresult.nanoThreadSleep=5000
2017-08-29 09:05:16,597 INFO o.a.j.s.FileServer: Set new base='/Users/jj/Google Drive/ITC/7mo Semestre/Calidad y Pruebas/apache-jmeter-3.2'
2017-08-29 09:05:16,679 INFO o.a.j.s.SaveService: Testplan (JMX) version: 2.2. Testlog (JTL) version: 2.2
2017-08-29 09:05:16,693 INFO o.a.j.s.SaveService: Using SaveService properties file encoding UTF-8
2017-08-29 09:05:16,694 INFO o.a.j.s.SaveService: Using SaveService properties version 3.2
2017-08-29 09:05:16,721 INFO o.a.j.e.StandardJMeterEngine: Running the test!
2017-08-29 09:05:16,722 INFO o.a.j.s.SampleEvent: List of sample_variables: []
2017-08-29 09:05:16,722 INFO o.a.j.s.SampleEvent: List of sample_variables: []
2017-08-29 09:05:16,743 INFO o.a.j.g.u.JMeterMenuBar: setRunning(true, *local*)
2017-08-29 09:05:16,955 INFO o.a.j.e.StandardJMeterEngine: Starting ThreadGroup: 1 : Thread Group
2017-08-29 09:05:16,955 INFO o.a.j.e.StandardJMeterEngine: Starting 1 threads for group Thread Group.
2017-08-29 09:05:16,955 INFO o.a.j.e.StandardJMeterEngine: Thread will continue on error
2017-08-29 09:05:16,955 INFO o.a.j.t.ThreadGroup: Starting thread group... number=1 threads=1 ramp-up=1 perThread=1000.0 delayedStart=false
2017-08-29 09:05:16,959 INFO o.a.j.t.ThreadGroup: Started thread group number 1
2017-08-29 09:05:16,959 INFO o.a.j.e.StandardJMeterEngine: All thread groups have been started
2017-08-29 09:05:16,962 INFO o.a.j.t.JMeterThread: Thread started: Thread Group 1-1
2017-08-29 09:05:16,977 INFO o.a.j.t.JMeterThread: Thread is done: Thread Group 1-1
2017-08-29 09:05:16,977 INFO o.a.j.t.JMeterThread: Thread finished: Thread Group 1-1
2017-08-29 09:05:16,977 INFO o.a.j.e.StandardJMeterEngine: Notifying test listeners of end of test
2017-08-29 09:05:16,978 INFO o.a.j.g.u.JMeterMenuBar: setRunning(false, *local*)
2017-08-29 09:05:43,446 INFO o.a.j.e.StandardJMeterEngine: Running the test!
2017-08-29 09:05:43,446 INFO o.a.j.s.SampleEvent: List of sample_variables: []
2017-08-29 09:05:43,449 INFO o.a.j.g.u.JMeterMenuBar: setRunning(true, *local*)
2017-08-29 09:05:43,626 INFO o.a.j.e.StandardJMeterEngine: Starting ThreadGroup: 1 : Thread Group
2017-08-29 09:05:43,626 INFO o.a.j.e.StandardJMeterEngine: Starting 1 threads for group Thread Group.
2017-08-29 09:05:43,626 INFO o.a.j.e.StandardJMeterEngine: Thread will continue on error
2017-08-29 09:05:43,626 INFO o.a.j.t.ThreadGroup: Starting thread group... number=1 threads=1 ramp-up=1 perThread=1000.0 delayedStart=false
2017-08-29 09:05:43,627 INFO o.a.j.t.ThreadGroup: Started thread group number 1
2017-08-29 09:05:43,627 INFO o.a.j.e.StandardJMeterEngine: All thread groups have been started
2017-08-29 09:05:43,627 INFO o.a.j.t.JMeterThread: Thread started: Thread Group 1-1
2017-08-29 09:05:43,705 INFO o.a.j.t.JMeterThread: Thread is done: Thread Group 1-1
2017-08-29 09:05:43,705 INFO o.a.j.t.JMeterThread: Thread finished: Thread Group 1-1
2017-08-29 09:05:43,705 INFO o.a.j.e.StandardJMeterEngine: Notifying test listeners of end of test
2017-08-29 09:05:43,706 INFO o.a.j.g.u.JMeterMenuBar: setRunning(false, *local*)
2017-08-29 09:06:31,226 INFO o.a.j.e.StandardJMeterEngine: Running the test!
2017-08-29 09:06:31,226 INFO o.a.j.s.SampleEvent: List of sample_variables: []
2017-08-29 09:06:31,228 INFO o.a.j.g.u.JMeterMenuBar: setRunning(true, *local*)
2017-08-29 09:06:31,396 INFO o.a.j.e.StandardJMeterEngine: Starting ThreadGroup: 1 : Thread Group
2017-08-29 09:06:31,396 INFO o.a.j.e.StandardJMeterEngine: Starting 1 threads for group Thread Group.
2017-08-29 09:06:31,396 INFO o.a.j.e.StandardJMeterEngine: Thread will continue on error
2017-08-29 09:06:31,397 INFO o.a.j.t.ThreadGroup: Starting thread group... number=1 threads=1 ramp-up=1 perThread=1000.0 delayedStart=false
2017-08-29 09:06:31,397 INFO o.a.j.t.ThreadGroup: Started thread group number 1
2017-08-29 09:06:31,397 INFO o.a.j.e.StandardJMeterEngine: All thread groups have been started
2017-08-29 09:06:31,397 INFO o.a.j.t.JMeterThread: Thread started: Thread Group 1-1
2017-08-29 09:06:31,401 INFO o.a.j.t.JMeterThread: Thread is done: Thread Group 1-1
2017-08-29 09:06:31,401 INFO o.a.j.t.JMeterThread: Thread finished: Thread Group 1-1
2017-08-29 09:06:31,401 INFO o.a.j.e.StandardJMeterEngine: Notifying test listeners of end of test
2017-08-29 09:06:31,401 INFO o.a.j.g.u.JMeterMenuBar: setRunning(false, *local*)
2017-08-29 09:29:29,687 INFO o.a.j.e.StandardJMeterEngine: Running the test!
2017-08-29 09:29:29,693 INFO o.a.j.s.SampleEvent: List of sample_variables: []
2017-08-29 09:29:29,700 INFO o.a.j.g.u.JMeterMenuBar: setRunning(true, *local*)
2017-08-29 09:29:29,955 INFO o.a.j.e.StandardJMeterEngine: Starting ThreadGroup: 1 : Thread Group
2017-08-29 09:29:29,955 INFO o.a.j.e.StandardJMeterEngine: Starting 1 threads for group Thread Group.
2017-08-29 09:29:29,955 INFO o.a.j.e.StandardJMeterEngine: Thread will continue on error
2017-08-29 09:29:29,955 INFO o.a.j.t.ThreadGroup: Starting thread group... number=1 threads=1 ramp-up=1 perThread=1000.0 delayedStart=false
2017-08-29 09:29:29,955 INFO o.a.j.t.ThreadGroup: Started thread group number 1
2017-08-29 09:29:29,955 INFO o.a.j.e.StandardJMeterEngine: All thread groups have been started
2017-08-29 09:29:29,956 INFO o.a.j.t.JMeterThread: Thread started: Thread Group 1-1
2017-08-29 09:29:29,989 INFO o.a.j.t.JMeterThread: Thread is done: Thread Group 1-1
2017-08-29 09:29:29,990 INFO o.a.j.t.JMeterThread: Thread finished: Thread Group 1-1
2017-08-29 09:29:29,990 INFO o.a.j.e.StandardJMeterEngine: Notifying test listeners of end of test
2017-08-29 09:29:29,990 INFO o.a.j.g.u.JMeterMenuBar: setRunning(false, *local*)
2017-08-29 09:29:33,244 INFO o.a.j.e.StandardJMeterEngine: Running the test!
2017-08-29 09:29:33,244 INFO o.a.j.s.SampleEvent: List of sample_variables: []
2017-08-29 09:29:33,247 INFO o.a.j.g.u.JMeterMenuBar: setRunning(true, *local*)
2017-08-29 09:29:33,326 INFO o.a.j.e.StandardJMeterEngine: Starting ThreadGroup: 1 : Thread Group
2017-08-29 09:29:33,326 INFO o.a.j.e.StandardJMeterEngine: Starting 1 threads for group Thread Group.
2017-08-29 09:29:33,326 INFO o.a.j.e.StandardJMeterEngine: Thread will continue on error
2017-08-29 09:29:33,327 INFO o.a.j.t.ThreadGroup: Starting thread group... number=1 threads=1 ramp-up=1 perThread=1000.0 delayedStart=false
2017-08-29 09:29:33,327 INFO o.a.j.t.ThreadGroup: Started thread group number 1
2017-08-29 09:29:33,327 INFO o.a.j.e.StandardJMeterEngine: All thread groups have been started
2017-08-29 09:29:33,327 INFO o.a.j.t.JMeterThread: Thread started: Thread Group 1-1
2017-08-29 09:29:33,330 INFO o.a.j.t.JMeterThread: Thread is done: Thread Group 1-1
2017-08-29 09:29:33,330 INFO o.a.j.t.JMeterThread: Thread finished: Thread Group 1-1
2017-08-29 09:29:33,330 INFO o.a.j.e.StandardJMeterEngine: Notifying test listeners of end of test
2017-08-29 09:29:33,330 INFO o.a.j.g.u.JMeterMenuBar: setRunning(false, *local*)
2017-08-29 09:35:02,275 INFO o.a.j.e.StandardJMeterEngine: Running the test!
2017-08-29 09:35:02,276 INFO o.a.j.s.SampleEvent: List of sample_variables: []
2017-08-29 09:35:02,278 INFO o.a.j.g.u.JMeterMenuBar: setRunning(true, *local*)
2017-08-29 09:35:02,462 INFO o.a.j.e.StandardJMeterEngine: Starting ThreadGroup: 1 : Thread Group
2017-08-29 09:35:02,463 INFO o.a.j.e.StandardJMeterEngine: Starting 1 threads for group Thread Group.
2017-08-29 09:35:02,463 INFO o.a.j.e.StandardJMeterEngine: Thread will continue on error
2017-08-29 09:35:02,463 INFO o.a.j.t.ThreadGroup: Starting thread group... number=1 threads=1 ramp-up=1 perThread=1000.0 delayedStart=false
2017-08-29 09:35:02,463 INFO o.a.j.t.ThreadGroup: Started thread group number 1
2017-08-29 09:35:02,464 INFO o.a.j.e.StandardJMeterEngine: All thread groups have been started
2017-08-29 09:35:02,464 INFO o.a.j.t.JMeterThread: Thread started: Thread Group 1-1
2017-08-29 09:35:02,467 INFO o.a.j.t.JMeterThread: Thread is done: Thread Group 1-1
2017-08-29 09:35:02,467 INFO o.a.j.t.JMeterThread: Thread finished: Thread Group 1-1
2017-08-29 09:35:02,468 INFO o.a.j.e.StandardJMeterEngine: Notifying test listeners of end of test
2017-08-29 09:35:02,468 INFO o.a.j.g.u.JMeterMenuBar: setRunning(false, *local*)
2017-08-29 09:35:04,943 INFO o.a.j.e.StandardJMeterEngine: Running the test!
2017-08-29 09:35:04,943 INFO o.a.j.s.SampleEvent: List of sample_variables: []
2017-08-29 09:35:04,946 INFO o.a.j.g.u.JMeterMenuBar: setRunning(true, *local*)
2017-08-29 09:35:05,059 INFO o.a.j.e.StandardJMeterEngine: Starting ThreadGroup: 1 : Thread Group
2017-08-29 09:35:05,059 INFO o.a.j.e.StandardJMeterEngine: Starting 1 threads for group Thread Group.
2017-08-29 09:35:05,059 INFO o.a.j.e.StandardJMeterEngine: Thread will continue on error
2017-08-29 09:35:05,060 INFO o.a.j.t.ThreadGroup: Starting thread group... number=1 threads=1 ramp-up=1 perThread=1000.0 delayedStart=false
2017-08-29 09:35:05,060 INFO o.a.j.t.ThreadGroup: Started thread group number 1
2017-08-29 09:35:05,060 INFO o.a.j.e.StandardJMeterEngine: All thread groups have been started
2017-08-29 09:35:05,061 INFO o.a.j.t.JMeterThread: Thread started: Thread Group 1-1
2017-08-29 09:35:05,063 INFO o.a.j.t.JMeterThread: Thread is done: Thread Group 1-1
2017-08-29 09:35:05,063 INFO o.a.j.t.JMeterThread: Thread finished: Thread Group 1-1
2017-08-29 09:35:05,063 INFO o.a.j.e.StandardJMeterEngine: Notifying test listeners of end of test
2017-08-29 09:35:05,063 INFO o.a.j.g.u.JMeterMenuBar: setRunning(false, *local*)
2017-08-29 09:35:10,914 INFO o.a.j.e.StandardJMeterEngine: Running the test!
2017-08-29 09:35:10,914 INFO o.a.j.s.SampleEvent: List of sample_variables: []
2017-08-29 09:35:10,922 INFO o.a.j.g.u.JMeterMenuBar: setRunning(true, *local*)
2017-08-29 09:35:11,055 INFO o.a.j.e.StandardJMeterEngine: Starting ThreadGroup: 1 : Thread Group
2017-08-29 09:35:11,056 INFO o.a.j.e.StandardJMeterEngine: Starting 1 threads for group Thread Group.
2017-08-29 09:35:11,056 INFO o.a.j.e.StandardJMeterEngine: Thread will continue on error
2017-08-29 09:35:11,056 INFO o.a.j.t.ThreadGroup: Starting thread group... number=1 threads=1 ramp-up=1 perThread=1000.0 delayedStart=false
2017-08-29 09:35:11,056 INFO o.a.j.t.ThreadGroup: Started thread group number 1
2017-08-29 09:35:11,056 INFO o.a.j.e.StandardJMeterEngine: All thread groups have been started
2017-08-29 09:35:11,057 INFO o.a.j.t.JMeterThread: Thread started: Thread Group 1-1
2017-08-29 09:35:11,060 INFO o.a.j.t.JMeterThread: Thread is done: Thread Group 1-1
2017-08-29 09:35:11,061 INFO o.a.j.t.JMeterThread: Thread finished: Thread Group 1-1
2017-08-29 09:35:11,061 INFO o.a.j.e.StandardJMeterEngine: Notifying test listeners of end of test
2017-08-29 09:35:11,061 INFO o.a.j.g.u.JMeterMenuBar: setRunning(false, *local*)
2017-08-29 09:35:24,926 INFO o.a.j.e.StandardJMeterEngine: Running the test!
2017-08-29 09:35:24,926 INFO o.a.j.s.SampleEvent: List of sample_variables: []
2017-08-29 09:35:24,928 INFO o.a.j.g.u.JMeterMenuBar: setRunning(true, *local*)
2017-08-29 09:35:25,007 INFO o.a.j.e.StandardJMeterEngine: Starting ThreadGroup: 1 : Thread Group
2017-08-29 09:35:25,007 INFO o.a.j.e.StandardJMeterEngine: Starting 1 threads for group Thread Group.
2017-08-29 09:35:25,007 INFO o.a.j.e.StandardJMeterEngine: Thread will continue on error
2017-08-29 09:35:25,007 INFO o.a.j.t.ThreadGroup: Starting thread group... number=1 threads=1 ramp-up=1 perThread=1000.0 delayedStart=false
2017-08-29 09:35:25,007 INFO o.a.j.t.ThreadGroup: Started thread group number 1
2017-08-29 09:35:25,007 INFO o.a.j.e.StandardJMeterEngine: All thread groups have been started
2017-08-29 09:35:25,008 INFO o.a.j.t.JMeterThread: Thread started: Thread Group 1-1
2017-08-29 09:35:25,220 INFO o.a.j.t.JMeterThread: Thread is done: Thread Group 1-1
2017-08-29 09:35:25,220 INFO o.a.j.t.JMeterThread: Thread finished: Thread Group 1-1
2017-08-29 09:35:25,220 INFO o.a.j.e.StandardJMeterEngine: Notifying test listeners of end of test
2017-08-29 09:35:25,222 INFO o.a.j.g.u.JMeterMenuBar: setRunning(false, *local*)
2017-08-29 09:35:52,157 INFO o.a.j.e.StandardJMeterEngine: Running the test!
2017-08-29 09:35:52,158 INFO o.a.j.s.SampleEvent: List of sample_variables: []
2017-08-29 09:35:52,159 INFO o.a.j.g.u.JMeterMenuBar: setRunning(true, *local*)
2017-08-29 09:35:52,294 INFO o.a.j.e.StandardJMeterEngine: Starting ThreadGroup: 1 : Thread Group
2017-08-29 09:35:52,294 INFO o.a.j.e.StandardJMeterEngine: Starting 1 threads for group Thread Group.
2017-08-29 09:35:52,295 INFO o.a.j.e.StandardJMeterEngine: Thread will continue on error
2017-08-29 09:35:52,295 INFO o.a.j.t.ThreadGroup: Starting thread group... number=1 threads=1 ramp-up=1 perThread=1000.0 delayedStart=false
2017-08-29 09:35:52,295 INFO o.a.j.t.ThreadGroup: Started thread group number 1
2017-08-29 09:35:52,295 INFO o.a.j.e.StandardJMeterEngine: All thread groups have been started
2017-08-29 09:35:52,295 INFO o.a.j.t.JMeterThread: Thread started: Thread Group 1-1
2017-08-29 09:35:52,372 INFO o.a.j.t.JMeterThread: Thread is done: Thread Group 1-1
2017-08-29 09:35:52,372 INFO o.a.j.t.JMeterThread: Thread finished: Thread Group 1-1
2017-08-29 09:35:52,372 INFO o.a.j.e.StandardJMeterEngine: Notifying test listeners of end of test
2017-08-29 09:35:52,374 INFO o.a.j.g.u.JMeterMenuBar: setRunning(false, *local*)
2017-08-29 09:40:47,397 INFO o.a.j.e.StandardJMeterEngine: Running the test!
2017-08-29 09:40:47,401 INFO o.a.j.s.SampleEvent: List of sample_variables: []
2017-08-29 09:40:47,403 INFO o.a.j.g.u.JMeterMenuBar: setRunning(true, *local*)
2017-08-29 09:40:47,689 INFO o.a.j.e.StandardJMeterEngine: Starting ThreadGroup: 1 : Thread Group
2017-08-29 09:40:47,689 INFO o.a.j.e.StandardJMeterEngine: Starting 1 threads for group Thread Group.
2017-08-29 09:40:47,689 INFO o.a.j.e.StandardJMeterEngine: Thread will continue on error
2017-08-29 09:40:47,689 INFO o.a.j.t.ThreadGroup: Starting thread group... number=1 threads=1 ramp-up=1 perThread=1000.0 delayedStart=false
2017-08-29 09:40:47,690 INFO o.a.j.t.ThreadGroup: Started thread group number 1
2017-08-29 09:40:47,690 INFO o.a.j.e.StandardJMeterEngine: All thread groups have been started
2017-08-29 09:40:47,690 INFO o.a.j.t.JMeterThread: Thread started: Thread Group 1-1
2017-08-29 09:40:47,784 INFO o.a.j.t.JMeterThread: Thread is done: Thread Group 1-1
2017-08-29 09:40:47,785 INFO o.a.j.t.JMeterThread: Thread finished: Thread Group 1-1
2017-08-29 09:40:47,785 INFO o.a.j.e.StandardJMeterEngine: Notifying test listeners of end of test
2017-08-29 09:40:47,788 INFO o.a.j.g.u.JMeterMenuBar: setRunning(false, *local*)
2017-08-29 09:42:33,697 ERROR o.a.j.g.a.Save: Error saving tree.
java.io.FileNotFoundException: /Users/jj/Google Drive/ITC/7mo Semestre/Calidad y Pruebas/apache-jmeter-3.2/prueba3.jmx (No such file or directory)
	at java.io.FileOutputStream.open0(Native Method) ~[?:1.8.0_121]
	at java.io.FileOutputStream.open(FileOutputStream.java:270) ~[?:1.8.0_121]
	at java.io.FileOutputStream.<init>(FileOutputStream.java:213) ~[?:1.8.0_121]
	at java.io.FileOutputStream.<init>(FileOutputStream.java:101) ~[?:1.8.0_121]
	at org.apache.jmeter.gui.action.Save.doAction(Save.java:222) ~[ApacheJMeter_core.jar:3.2 r1790748]
	at org.apache.jmeter.gui.action.ActionRouter.performAction(ActionRouter.java:74) ~[ApacheJMeter_core.jar:3.2 r1790748]
	at org.apache.jmeter.gui.action.ActionRouter.lambda$actionPerformed$0(ActionRouter.java:59) ~[ApacheJMeter_core.jar:3.2 r1790748]
	at java.awt.event.InvocationEvent.dispatch(InvocationEvent.java:311) [?:1.8.0_121]
	at java.awt.EventQueue.dispatchEventImpl(EventQueue.java:756) [?:1.8.0_121]
	at java.awt.EventQueue.access$500(EventQueue.java:97) [?:1.8.0_121]
	at java.awt.EventQueue$3.run(EventQueue.java:709) [?:1.8.0_121]
	at java.awt.EventQueue$3.run(EventQueue.java:703) [?:1.8.0_121]
	at java.security.AccessController.doPrivileged(Native Method) ~[?:1.8.0_121]
	at java.security.ProtectionDomain$JavaSecurityAccessImpl.doIntersectionPrivilege(ProtectionDomain.java:80) [?:1.8.0_121]
	at java.awt.EventQueue.dispatchEvent(EventQueue.java:726) [?:1.8.0_121]
	at java.awt.EventDispatchThread.pumpOneEventForFilters(EventDispatchThread.java:201) [?:1.8.0_121]
	at java.awt.EventDispatchThread.pumpEventsForFilter(EventDispatchThread.java:116) [?:1.8.0_121]
	at java.awt.EventDispatchThread.pumpEventsForHierarchy(EventDispatchThread.java:105) [?:1.8.0_121]
	at java.awt.EventDispatchThread.pumpEvents(EventDispatchThread.java:101) [?:1.8.0_121]
	at java.awt.EventDispatchThread.pumpEvents(EventDispatchThread.java:93) [?:1.8.0_121]
	at java.awt.EventDispatchThread.run(EventDispatchThread.java:82) [?:1.8.0_121]
2017-08-29 09:43:01,466 INFO o.a.j.s.FileServer: Set new base='/Users/jj/Google Drive/ITC/7mo Semestre/Calidad y Pruebas/JMeter'
